INFO - 2023-06-24 08:00:44 --> Session: Class initialized using 'CodeIgniter\Session\Handlers\FileHandler' driver.
INFO - 2023-06-24 08:00:44 --> Session: Class initialized using 'CodeIgniter\Session\Handlers\FileHandler' driver.
INFO - 2023-06-24 08:00:51 --> Session: Class initialized using 'CodeIgniter\Session\Handlers\FileHandler' driver.
INFO - 2023-06-24 08:00:51 --> Session: Class initialized using 'CodeIgniter\Session\Handlers\FileHandler' driver.
INFO - 2023-06-24 08:00:54 --> Session: Class initialized using 'CodeIgniter\Session\Handlers\FileHandler' driver.
INFO - 2023-06-24 08:00:54 --> Cart Class Initialized
INFO - 2023-06-24 08:00:59 --> Session: Class initialized using 'CodeIgniter\Session\Handlers\FileHandler' driver.
INFO - 2023-06-24 08:01:11 --> Session: Class initialized using 'CodeIgniter\Session\Handlers\FileHandler' driver.
INFO - 2023-06-24 08:01:12 --> Session: Class initialized using 'CodeIgniter\Session\Handlers\FileHandler' driver.
INFO - 2023-06-24 08:01:18 --> Session: Class initialized using 'CodeIgniter\Session\Handlers\FileHandler' driver.
INFO - 2023-06-24 08:01:18 --> Session: Class initialized using 'CodeIgniter\Session\Handlers\FileHandler' driver.
INFO - 2023-06-24 08:01:23 --> Session: Class initialized using 'CodeIgniter\Session\Handlers\FileHandler' driver.
INFO - 2023-06-24 08:01:23 --> Cart Class Initialized
INFO - 2023-06-24 08:01:24 --> Session: Class initialized using 'CodeIgniter\Session\Handlers\FileHandler' driver.
INFO - 2023-06-24 08:01:27 --> Session: Class initialized using 'CodeIgniter\Session\Handlers\FileHandler' driver.
INFO - 2023-06-24 08:01:27 --> Cart Class Initialized
INFO - 2023-06-24 08:01:27 --> Session: Class initialized using 'CodeIgniter\Session\Handlers\FileHandler' driver.
INFO - 2023-06-24 08:01:29 --> Session: Class initialized using 'CodeIgniter\Session\Handlers\FileHandler' driver.
INFO - 2023-06-24 08:01:29 --> Cart Class Initialized
INFO - 2023-06-24 08:01:29 --> Session: Class initialized using 'CodeIgniter\Session\Handlers\FileHandler' driver.
INFO - 2023-06-24 08:01:31 --> Session: Class initialized using 'CodeIgniter\Session\Handlers\FileHandler' driver.
INFO - 2023-06-24 08:01:31 --> Cart Class Initialized
INFO - 2023-06-24 08:01:39 --> Session: Class initialized using 'CodeIgniter\Session\Handlers\FileHandler' driver.
INFO - 2023-06-24 08:01:39 --> Cart Class Initialized
INFO - 2023-06-24 08:04:37 --> Session: Class initialized using 'CodeIgniter\Session\Handlers\FileHandler' driver.
INFO - 2023-06-24 08:04:37 --> Cart Class Initialized
INFO - 2023-06-24 08:04:43 --> Session: Class initialized using 'CodeIgniter\Session\Handlers\FileHandler' driver.
INFO - 2023-06-24 08:04:43 --> Cart Class Initialized
INFO - 2023-06-24 08:06:46 --> Session: Class initialized using 'CodeIgniter\Session\Handlers\FileHandler' driver.
INFO - 2023-06-24 08:06:46 --> Cart Class Initialized
INFO - 2023-06-24 08:09:36 --> Session: Class initialized using 'CodeIgniter\Session\Handlers\FileHandler' driver.
INFO - 2023-06-24 08:09:36 --> Cart Class Initialized
INFO - 2023-06-24 08:09:37 --> Session: Class initialized using 'CodeIgniter\Session\Handlers\FileHandler' driver.
INFO - 2023-06-24 08:09:37 --> Cart Class Initialized
INFO - 2023-06-24 08:10:01 --> Session: Class initialized using 'CodeIgniter\Session\Handlers\FileHandler' driver.
INFO - 2023-06-24 08:10:01 --> Cart Class Initialized
INFO - 2023-06-24 08:10:03 --> Session: Class initialized using 'CodeIgniter\Session\Handlers\FileHandler' driver.
INFO - 2023-06-24 08:10:03 --> Cart Class Initialized
INFO - 2023-06-24 08:10:03 --> Session: Class initialized using 'CodeIgniter\Session\Handlers\FileHandler' driver.
INFO - 2023-06-24 08:10:03 --> Cart Class Initialized
INFO - 2023-06-24 08:10:53 --> Session: Class initialized using 'CodeIgniter\Session\Handlers\FileHandler' driver.
INFO - 2023-06-24 08:10:54 --> Session: Class initialized using 'CodeIgniter\Session\Handlers\FileHandler' driver.
INFO - 2023-06-24 08:10:56 --> Session: Class initialized using 'CodeIgniter\Session\Handlers\FileHandler' driver.
INFO - 2023-06-24 08:10:56 --> Cart Class Initialized
INFO - 2023-06-24 08:10:56 --> Session: Class initialized using 'CodeIgniter\Session\Handlers\FileHandler' driver.
INFO - 2023-06-24 08:10:58 --> Session: Class initialized using 'CodeIgniter\Session\Handlers\FileHandler' driver.
INFO - 2023-06-24 08:10:58 --> Cart Class Initialized
INFO - 2023-06-24 08:10:58 --> Session: Class initialized using 'CodeIgniter\Session\Handlers\FileHandler' driver.
INFO - 2023-06-24 08:11:00 --> Session: Class initialized using 'CodeIgniter\Session\Handlers\FileHandler' driver.
INFO - 2023-06-24 08:11:00 --> Cart Class Initialized
INFO - 2023-06-24 08:11:00 --> Session: Class initialized using 'CodeIgniter\Session\Handlers\FileHandler' driver.
INFO - 2023-06-24 08:11:03 --> Session: Class initialized using 'CodeIgniter\Session\Handlers\FileHandler' driver.
INFO - 2023-06-24 08:11:03 --> Cart Class Initialized
INFO - 2023-06-24 08:11:07 --> Session: Class initialized using 'CodeIgniter\Session\Handlers\FileHandler' driver.
INFO - 2023-06-24 08:11:07 --> Cart Class Initialized
INFO - 2023-06-24 08:11:37 --> Session: Class initialized using 'CodeIgniter\Session\Handlers\FileHandler' driver.
INFO - 2023-06-24 08:11:37 --> Cart Class Initialized
INFO - 2023-06-24 08:11:38 --> Session: Class initialized using 'CodeIgniter\Session\Handlers\FileHandler' driver.
INFO - 2023-06-24 08:11:38 --> Cart Class Initialized
INFO - 2023-06-24 08:11:42 --> Session: Class initialized using 'CodeIgniter\Session\Handlers\FileHandler' driver.
INFO - 2023-06-24 08:11:42 --> Cart Class Initialized
INFO - 2023-06-24 08:13:32 --> Session: Class initialized using 'CodeIgniter\Session\Handlers\FileHandler' driver.
INFO - 2023-06-24 08:13:32 --> Cart Class Initialized
INFO - 2023-06-24 08:13:40 --> Session: Class initialized using 'CodeIgniter\Session\Handlers\FileHandler' driver.
INFO - 2023-06-24 08:13:40 --> Cart Class Initialized
INFO - 2023-06-24 08:15:06 --> Session: Class initialized using 'CodeIgniter\Session\Handlers\FileHandler' driver.
INFO - 2023-06-24 08:15:06 --> Cart Class Initialized
INFO - 2023-06-24 08:15:10 --> Session: Class initialized using 'CodeIgniter\Session\Handlers\FileHandler' driver.
INFO - 2023-06-24 08:15:10 --> Cart Class Initialized
INFO - 2023-06-24 08:15:31 --> Session: Class initialized using 'CodeIgniter\Session\Handlers\FileHandler' driver.
INFO - 2023-06-24 08:15:31 --> Session: Class initialized using 'CodeIgniter\Session\Handlers\FileHandler' driver.
INFO - 2023-06-24 08:15:33 --> Session: Class initialized using 'CodeIgniter\Session\Handlers\FileHandler' driver.
INFO - 2023-06-24 08:15:39 --> Session: Class initialized using 'CodeIgniter\Session\Handlers\FileHandler' driver.
INFO - 2023-06-24 08:15:39 --> Session: Class initialized using 'CodeIgniter\Session\Handlers\FileHandler' driver.
INFO - 2023-06-24 08:15:42 --> Session: Class initialized using 'CodeIgniter\Session\Handlers\FileHandler' driver.
INFO - 2023-06-24 08:15:42 --> Session: Class initialized using 'CodeIgniter\Session\Handlers\FileHandler' driver.
INFO - 2023-06-24 08:15:42 --> Cart Class Initialized
INFO - 2023-06-24 08:15:42 --> Session: Class initialized using 'CodeIgniter\Session\Handlers\FileHandler' driver.
INFO - 2023-06-24 08:15:42 --> Cart Class Initialized
INFO - 2023-06-24 08:15:47 --> Session: Class initialized using 'CodeIgniter\Session\Handlers\FileHandler' driver.
INFO - 2023-06-24 08:15:47 --> Cart Class Initialized
INFO - 2023-06-24 08:15:47 --> Session: Class initialized using 'CodeIgniter\Session\Handlers\FileHandler' driver.
INFO - 2023-06-24 08:15:47 --> Cart Class Initialized
INFO - 2023-06-24 08:15:49 --> Session: Class initialized using 'CodeIgniter\Session\Handlers\FileHandler' driver.
INFO - 2023-06-24 08:15:51 --> Session: Class initialized using 'CodeIgniter\Session\Handlers\FileHandler' driver.
INFO - 2023-06-24 08:15:51 --> Cart Class Initialized
INFO - 2023-06-24 08:15:51 --> Session: Class initialized using 'CodeIgniter\Session\Handlers\FileHandler' driver.
INFO - 2023-06-24 08:15:53 --> Session: Class initialized using 'CodeIgniter\Session\Handlers\FileHandler' driver.
INFO - 2023-06-24 08:15:53 --> Cart Class Initialized
INFO - 2023-06-24 08:15:53 --> Session: Class initialized using 'CodeIgniter\Session\Handlers\FileHandler' driver.
INFO - 2023-06-24 08:15:55 --> Session: Class initialized using 'CodeIgniter\Session\Handlers\FileHandler' driver.
INFO - 2023-06-24 08:15:55 --> Cart Class Initialized
INFO - 2023-06-24 08:16:47 --> Session: Class initialized using 'CodeIgniter\Session\Handlers\FileHandler' driver.
INFO - 2023-06-24 08:16:47 --> Cart Class Initialized
INFO - 2023-06-24 08:16:53 --> Session: Class initialized using 'CodeIgniter\Session\Handlers\FileHandler' driver.
INFO - 2023-06-24 08:16:53 --> Cart Class Initialized
INFO - 2023-06-24 08:17:18 --> Session: Class initialized using 'CodeIgniter\Session\Handlers\FileHandler' driver.
INFO - 2023-06-24 08:17:18 --> Cart Class Initialized
INFO - 2023-06-24 08:19:09 --> Session: Class initialized using 'CodeIgniter\Session\Handlers\FileHandler' driver.
INFO - 2023-06-24 08:19:13 --> Session: Class initialized using 'CodeIgniter\Session\Handlers\FileHandler' driver.
INFO - 2023-06-24 08:19:13 --> Cart Class Initialized
INFO - 2023-06-24 08:19:13 --> Session: Class initialized using 'CodeIgniter\Session\Handlers\FileHandler' driver.
INFO - 2023-06-24 08:19:14 --> Session: Class initialized using 'CodeIgniter\Session\Handlers\FileHandler' driver.
INFO - 2023-06-24 08:19:16 --> Session: Class initialized using 'CodeIgniter\Session\Handlers\FileHandler' driver.
INFO - 2023-06-24 08:19:16 --> Cart Class Initialized
INFO - 2023-06-24 08:20:15 --> Session: Class initialized using 'CodeIgniter\Session\Handlers\FileHandler' driver.
INFO - 2023-06-24 08:20:15 --> Cart Class Initialized
INFO - 2023-06-24 08:20:17 --> Session: Class initialized using 'CodeIgniter\Session\Handlers\FileHandler' driver.
INFO - 2023-06-24 08:20:17 --> Cart Class Initialized
INFO - 2023-06-24 08:20:48 --> Session: Class initialized using 'CodeIgniter\Session\Handlers\FileHandler' driver.
INFO - 2023-06-24 08:20:48 --> Cart Class Initialized
INFO - 2023-06-24 08:20:49 --> Session: Class initialized using 'CodeIgniter\Session\Handlers\FileHandler' driver.
INFO - 2023-06-24 08:20:49 --> Cart Class Initialized
INFO - 2023-06-24 08:22:16 --> Session: Class initialized using 'CodeIgniter\Session\Handlers\FileHandler' driver.
INFO - 2023-06-24 08:22:16 --> Cart Class Initialized
INFO - 2023-06-24 08:22:17 --> Session: Class initialized using 'CodeIgniter\Session\Handlers\FileHandler' driver.
INFO - 2023-06-24 08:22:17 --> Cart Class Initialized
INFO - 2023-06-24 08:22:19 --> Session: Class initialized using 'CodeIgniter\Session\Handlers\FileHandler' driver.
INFO - 2023-06-24 08:22:19 --> Cart Class Initialized
INFO - 2023-06-24 08:23:10 --> Session: Class initialized using 'CodeIgniter\Session\Handlers\FileHandler' driver.
INFO - 2023-06-24 08:23:11 --> Cart Class Initialized
INFO - 2023-06-24 08:23:12 --> Session: Class initialized using 'CodeIgniter\Session\Handlers\FileHandler' driver.
INFO - 2023-06-24 08:23:12 --> Cart Class Initialized
INFO - 2023-06-24 08:23:14 --> Session: Class initialized using 'CodeIgniter\Session\Handlers\FileHandler' driver.
INFO - 2023-06-24 08:23:14 --> Cart Class Initialized
INFO - 2023-06-24 08:23:16 --> Session: Class initialized using 'CodeIgniter\Session\Handlers\FileHandler' driver.
INFO - 2023-06-24 08:23:16 --> Cart Class Initialized
INFO - 2023-06-24 08:23:17 --> Session: Class initialized using 'CodeIgniter\Session\Handlers\FileHandler' driver.
INFO - 2023-06-24 08:23:17 --> Cart Class Initialized
INFO - 2023-06-24 08:23:18 --> Session: Class initialized using 'CodeIgniter\Session\Handlers\FileHandler' driver.
INFO - 2023-06-24 08:23:18 --> Cart Class Initialized
INFO - 2023-06-24 08:23:20 --> Session: Class initialized using 'CodeIgniter\Session\Handlers\FileHandler' driver.
INFO - 2023-06-24 08:23:20 --> Cart Class Initialized
INFO - 2023-06-24 08:24:44 --> Session: Class initialized using 'CodeIgniter\Session\Handlers\FileHandler' driver.
INFO - 2023-06-24 08:24:44 --> Cart Class Initialized
INFO - 2023-06-24 08:24:46 --> Session: Class initialized using 'CodeIgniter\Session\Handlers\FileHandler' driver.
INFO - 2023-06-24 08:24:46 --> Cart Class Initialized
INFO - 2023-06-24 08:24:49 --> Session: Class initialized using 'CodeIgniter\Session\Handlers\FileHandler' driver.
INFO - 2023-06-24 08:24:49 --> Cart Class Initialized
INFO - 2023-06-24 08:25:50 --> Session: Class initialized using 'CodeIgniter\Session\Handlers\FileHandler' driver.
INFO - 2023-06-24 08:25:50 --> Cart Class Initialized
INFO - 2023-06-24 08:25:52 --> Session: Class initialized using 'CodeIgniter\Session\Handlers\FileHandler' driver.
INFO - 2023-06-24 08:25:52 --> Cart Class Initialized
INFO - 2023-06-24 08:27:33 --> Session: Class initialized using 'CodeIgniter\Session\Handlers\FileHandler' driver.
INFO - 2023-06-24 08:27:33 --> Cart Class Initialized
INFO - 2023-06-24 08:27:34 --> Session: Class initialized using 'CodeIgniter\Session\Handlers\FileHandler' driver.
INFO - 2023-06-24 08:27:34 --> Cart Class Initialized
INFO - 2023-06-24 08:27:36 --> Session: Class initialized using 'CodeIgniter\Session\Handlers\FileHandler' driver.
INFO - 2023-06-24 08:27:36 --> Cart Class Initialized
INFO - 2023-06-24 08:29:59 --> Session: Class initialized using 'CodeIgniter\Session\Handlers\FileHandler' driver.
INFO - 2023-06-24 08:29:59 --> Cart Class Initialized
CRITICAL - 2023-06-24 08:30:01 --> Invalid file: "checkout_view.php"
in SYSTEMPATH\Exceptions\FrameworkException.php on line 33.
 1 SYSTEMPATH\View\View.php(212): CodeIgniter\Exceptions\FrameworkException::forInvalidFile('checkout_view.php')
 2 SYSTEMPATH\Common.php(1180): CodeIgniter\View\View->render('checkout_view', [], true)
 3 APPPATH\Controllers\TransaksiController.php(75): view('checkout_view', [...])
 4 SYSTEMPATH\CodeIgniter.php(932): App\Controllers\TransaksiController->checkout()
 5 SYSTEMPATH\CodeIgniter.php(497): CodeIgniter\CodeIgniter->runController(Object(App\Controllers\TransaksiController))
 6 SYSTEMPATH\CodeIgniter.php(366): CodeIgniter\CodeIgniter->handleRequest(null, Object(Config\Cache), false)
 7 FCPATH\index.php(67): CodeIgniter\CodeIgniter->run()
INFO - 2023-06-24 08:30:01 --> Session: Class initialized using 'CodeIgniter\Session\Handlers\FileHandler' driver.
INFO - 2023-06-24 08:30:01 --> Cart Class Initialized
INFO - 2023-06-24 08:30:03 --> Session: Class initialized using 'CodeIgniter\Session\Handlers\FileHandler' driver.
INFO - 2023-06-24 08:30:03 --> Cart Class Initialized
INFO - 2023-06-24 08:30:04 --> Session: Class initialized using 'CodeIgniter\Session\Handlers\FileHandler' driver.
INFO - 2023-06-24 08:30:04 --> Cart Class Initialized
CRITICAL - 2023-06-24 08:30:05 --> Invalid file: "checkout_view.php"
in SYSTEMPATH\Exceptions\FrameworkException.php on line 33.
 1 SYSTEMPATH\View\View.php(212): CodeIgniter\Exceptions\FrameworkException::forInvalidFile('checkout_view.php')
 2 SYSTEMPATH\Common.php(1180): CodeIgniter\View\View->render('checkout_view', [], true)
 3 APPPATH\Controllers\TransaksiController.php(75): view('checkout_view', [...])
 4 SYSTEMPATH\CodeIgniter.php(932): App\Controllers\TransaksiController->checkout()
 5 SYSTEMPATH\CodeIgniter.php(497): CodeIgniter\CodeIgniter->runController(Object(App\Controllers\TransaksiController))
 6 SYSTEMPATH\CodeIgniter.php(366): CodeIgniter\CodeIgniter->handleRequest(null, Object(Config\Cache), false)
 7 FCPATH\index.php(67): CodeIgniter\CodeIgniter->run()
INFO - 2023-06-24 08:32:59 --> Session: Class initialized using 'CodeIgniter\Session\Handlers\FileHandler' driver.
INFO - 2023-06-24 08:32:59 --> Cart Class Initialized
INFO - 2023-06-24 08:33:00 --> Session: Class initialized using 'CodeIgniter\Session\Handlers\FileHandler' driver.
INFO - 2023-06-24 08:33:00 --> Cart Class Initialized
CRITICAL - 2023-06-24 08:33:00 --> Invalid file: "checkout_view.php"
in SYSTEMPATH\Exceptions\FrameworkException.php on line 33.
 1 SYSTEMPATH\View\View.php(212): CodeIgniter\Exceptions\FrameworkException::forInvalidFile('checkout_view.php')
 2 SYSTEMPATH\Common.php(1180): CodeIgniter\View\View->render('checkout_view', [], true)
 3 APPPATH\Controllers\TransaksiController.php(75): view('checkout_view', [...])
 4 SYSTEMPATH\CodeIgniter.php(932): App\Controllers\TransaksiController->checkout()
 5 SYSTEMPATH\CodeIgniter.php(497): CodeIgniter\CodeIgniter->runController(Object(App\Controllers\TransaksiController))
 6 SYSTEMPATH\CodeIgniter.php(366): CodeIgniter\CodeIgniter->handleRequest(null, Object(Config\Cache), false)
 7 FCPATH\index.php(67): CodeIgniter\CodeIgniter->run()
INFO - 2023-06-24 08:33:01 --> Session: Class initialized using 'CodeIgniter\Session\Handlers\FileHandler' driver.
INFO - 2023-06-24 08:33:01 --> Cart Class Initialized
INFO - 2023-06-24 08:33:12 --> Session: Class initialized using 'CodeIgniter\Session\Handlers\FileHandler' driver.
INFO - 2023-06-24 08:33:12 --> Cart Class Initialized
INFO - 2023-06-24 08:33:20 --> Session: Class initialized using 'CodeIgniter\Session\Handlers\FileHandler' driver.
INFO - 2023-06-24 08:33:20 --> Cart Class Initialized
INFO - 2023-06-24 08:33:21 --> Session: Class initialized using 'CodeIgniter\Session\Handlers\FileHandler' driver.
INFO - 2023-06-24 08:33:21 --> Cart Class Initialized
CRITICAL - 2023-06-24 08:33:23 --> Invalid file: "checkout_view.php"
in SYSTEMPATH\Exceptions\FrameworkException.php on line 33.
 1 SYSTEMPATH\View\View.php(212): CodeIgniter\Exceptions\FrameworkException::forInvalidFile('checkout_view.php')
 2 SYSTEMPATH\Common.php(1180): CodeIgniter\View\View->render('checkout_view', [], true)
 3 APPPATH\Controllers\TransaksiController.php(75): view('checkout_view', [...])
 4 SYSTEMPATH\CodeIgniter.php(932): App\Controllers\TransaksiController->checkout()
 5 SYSTEMPATH\CodeIgniter.php(497): CodeIgniter\CodeIgniter->runController(Object(App\Controllers\TransaksiController))
 6 SYSTEMPATH\CodeIgniter.php(366): CodeIgniter\CodeIgniter->handleRequest(null, Object(Config\Cache), false)
 7 FCPATH\index.php(67): CodeIgniter\CodeIgniter->run()
INFO - 2023-06-24 08:38:08 --> Session: Class initialized using 'CodeIgniter\Session\Handlers\FileHandler' driver.
INFO - 2023-06-24 08:38:08 --> Cart Class Initialized
INFO - 2023-06-24 08:38:09 --> Session: Class initialized using 'CodeIgniter\Session\Handlers\FileHandler' driver.
INFO - 2023-06-24 08:38:09 --> Cart Class Initialized
CRITICAL - 2023-06-24 08:38:10 --> Invalid file: "checkout_view.php"
in SYSTEMPATH\Exceptions\FrameworkException.php on line 33.
 1 SYSTEMPATH\View\View.php(212): CodeIgniter\Exceptions\FrameworkException::forInvalidFile('checkout_view.php')
 2 SYSTEMPATH\Common.php(1180): CodeIgniter\View\View->render('checkout_view', [], true)
 3 APPPATH\Controllers\TransaksiController.php(75): view('checkout_view', [...])
 4 SYSTEMPATH\CodeIgniter.php(932): App\Controllers\TransaksiController->checkout()
 5 SYSTEMPATH\CodeIgniter.php(497): CodeIgniter\CodeIgniter->runController(Object(App\Controllers\TransaksiController))
 6 SYSTEMPATH\CodeIgniter.php(366): CodeIgniter\CodeIgniter->handleRequest(null, Object(Config\Cache), false)
 7 FCPATH\index.php(67): CodeIgniter\CodeIgniter->run()
INFO - 2023-06-24 08:38:10 --> Session: Class initialized using 'CodeIgniter\Session\Handlers\FileHandler' driver.
INFO - 2023-06-24 08:38:10 --> Cart Class Initialized
INFO - 2023-06-24 08:38:12 --> Session: Class initialized using 'CodeIgniter\Session\Handlers\FileHandler' driver.
INFO - 2023-06-24 08:38:12 --> Cart Class Initialized
CRITICAL - 2023-06-24 08:38:13 --> Invalid file: "checkout_view.php"
in SYSTEMPATH\Exceptions\FrameworkException.php on line 33.
 1 SYSTEMPATH\View\View.php(212): CodeIgniter\Exceptions\FrameworkException::forInvalidFile('checkout_view.php')
 2 SYSTEMPATH\Common.php(1180): CodeIgniter\View\View->render('checkout_view', [], true)
 3 APPPATH\Controllers\TransaksiController.php(75): view('checkout_view', [...])
 4 SYSTEMPATH\CodeIgniter.php(932): App\Controllers\TransaksiController->checkout()
 5 SYSTEMPATH\CodeIgniter.php(497): CodeIgniter\CodeIgniter->runController(Object(App\Controllers\TransaksiController))
 6 SYSTEMPATH\CodeIgniter.php(366): CodeIgniter\CodeIgniter->handleRequest(null, Object(Config\Cache), false)
 7 FCPATH\index.php(67): CodeIgniter\CodeIgniter->run()
INFO - 2023-06-24 08:38:13 --> Session: Class initialized using 'CodeIgniter\Session\Handlers\FileHandler' driver.
INFO - 2023-06-24 08:38:13 --> Cart Class Initialized
CRITICAL - 2023-06-24 08:38:14 --> Invalid file: "checkout_view.php"
in SYSTEMPATH\Exceptions\FrameworkException.php on line 33.
 1 SYSTEMPATH\View\View.php(212): CodeIgniter\Exceptions\FrameworkException::forInvalidFile('checkout_view.php')
 2 SYSTEMPATH\Common.php(1180): CodeIgniter\View\View->render('checkout_view', [], true)
 3 APPPATH\Controllers\TransaksiController.php(75): view('checkout_view', [...])
 4 SYSTEMPATH\CodeIgniter.php(932): App\Controllers\TransaksiController->checkout()
 5 SYSTEMPATH\CodeIgniter.php(497): CodeIgniter\CodeIgniter->runController(Object(App\Controllers\TransaksiController))
 6 SYSTEMPATH\CodeIgniter.php(366): CodeIgniter\CodeIgniter->handleRequest(null, Object(Config\Cache), false)
 7 FCPATH\index.php(67): CodeIgniter\CodeIgniter->run()
INFO - 2023-06-24 08:38:14 --> Session: Class initialized using 'CodeIgniter\Session\Handlers\FileHandler' driver.
INFO - 2023-06-24 08:38:14 --> Cart Class Initialized
CRITICAL - 2023-06-24 08:38:15 --> Invalid file: "checkout_view.php"
in SYSTEMPATH\Exceptions\FrameworkException.php on line 33.
 1 SYSTEMPATH\View\View.php(212): CodeIgniter\Exceptions\FrameworkException::forInvalidFile('checkout_view.php')
 2 SYSTEMPATH\Common.php(1180): CodeIgniter\View\View->render('checkout_view', [], true)
 3 APPPATH\Controllers\TransaksiController.php(75): view('checkout_view', [...])
 4 SYSTEMPATH\CodeIgniter.php(932): App\Controllers\TransaksiController->checkout()
 5 SYSTEMPATH\CodeIgniter.php(497): CodeIgniter\CodeIgniter->runController(Object(App\Controllers\TransaksiController))
 6 SYSTEMPATH\CodeIgniter.php(366): CodeIgniter\CodeIgniter->handleRequest(null, Object(Config\Cache), false)
 7 FCPATH\index.php(67): CodeIgniter\CodeIgniter->run()
INFO - 2023-06-24 08:38:41 --> Session: Class initialized using 'CodeIgniter\Session\Handlers\FileHandler' driver.
INFO - 2023-06-24 08:38:41 --> Cart Class Initialized
INFO - 2023-06-24 08:38:43 --> Session: Class initialized using 'CodeIgniter\Session\Handlers\FileHandler' driver.
INFO - 2023-06-24 08:38:43 --> Cart Class Initialized
INFO - 2023-06-24 08:38:44 --> Session: Class initialized using 'CodeIgniter\Session\Handlers\FileHandler' driver.
INFO - 2023-06-24 08:38:44 --> Cart Class Initialized
CRITICAL - 2023-06-24 08:38:46 --> Invalid file: "checkout_view.php"
in SYSTEMPATH\Exceptions\FrameworkException.php on line 33.
 1 SYSTEMPATH\View\View.php(212): CodeIgniter\Exceptions\FrameworkException::forInvalidFile('checkout_view.php')
 2 SYSTEMPATH\Common.php(1180): CodeIgniter\View\View->render('checkout_view', [], true)
 3 APPPATH\Controllers\TransaksiController.php(75): view('checkout_view', [...])
 4 SYSTEMPATH\CodeIgniter.php(932): App\Controllers\TransaksiController->checkout()
 5 SYSTEMPATH\CodeIgniter.php(497): CodeIgniter\CodeIgniter->runController(Object(App\Controllers\TransaksiController))
 6 SYSTEMPATH\CodeIgniter.php(366): CodeIgniter\CodeIgniter->handleRequest(null, Object(Config\Cache), false)
 7 FCPATH\index.php(67): CodeIgniter\CodeIgniter->run()
INFO - 2023-06-24 08:38:51 --> Session: Class initialized using 'CodeIgniter\Session\Handlers\FileHandler' driver.
INFO - 2023-06-24 08:38:51 --> Cart Class Initialized
CRITICAL - 2023-06-24 08:38:52 --> Invalid file: "checkout_view.php"
in SYSTEMPATH\Exceptions\FrameworkException.php on line 33.
 1 SYSTEMPATH\View\View.php(212): CodeIgniter\Exceptions\FrameworkException::forInvalidFile('checkout_view.php')
 2 SYSTEMPATH\Common.php(1180): CodeIgniter\View\View->render('checkout_view', [], true)
 3 APPPATH\Controllers\TransaksiController.php(75): view('checkout_view', [...])
 4 SYSTEMPATH\CodeIgniter.php(932): App\Controllers\TransaksiController->checkout()
 5 SYSTEMPATH\CodeIgniter.php(497): CodeIgniter\CodeIgniter->runController(Object(App\Controllers\TransaksiController))
 6 SYSTEMPATH\CodeIgniter.php(366): CodeIgniter\CodeIgniter->handleRequest(null, Object(Config\Cache), false)
 7 FCPATH\index.php(67): CodeIgniter\CodeIgniter->run()
INFO - 2023-06-24 08:39:29 --> Session: Class initialized using 'CodeIgniter\Session\Handlers\FileHandler' driver.
INFO - 2023-06-24 08:39:29 --> Cart Class Initialized
INFO - 2023-06-24 08:39:31 --> Session: Class initialized using 'CodeIgniter\Session\Handlers\FileHandler' driver.
INFO - 2023-06-24 08:39:31 --> Cart Class Initialized
INFO - 2023-06-24 08:40:21 --> Session: Class initialized using 'CodeIgniter\Session\Handlers\FileHandler' driver.
INFO - 2023-06-24 08:40:21 --> Cart Class Initialized
INFO - 2023-06-24 08:40:22 --> Session: Class initialized using 'CodeIgniter\Session\Handlers\FileHandler' driver.
INFO - 2023-06-24 08:40:22 --> Cart Class Initialized
INFO - 2023-06-24 08:40:24 --> Session: Class initialized using 'CodeIgniter\Session\Handlers\FileHandler' driver.
INFO - 2023-06-24 08:40:24 --> Cart Class Initialized
CRITICAL - 2023-06-24 08:40:25 --> Invalid file: "checkout.php"
in SYSTEMPATH\Exceptions\FrameworkException.php on line 33.
 1 SYSTEMPATH\View\View.php(212): CodeIgniter\Exceptions\FrameworkException::forInvalidFile('checkout.php')
 2 SYSTEMPATH\Common.php(1180): CodeIgniter\View\View->render('checkout', [], true)
 3 APPPATH\Controllers\TransaksiController.php(75): view('checkout', [...])
 4 SYSTEMPATH\CodeIgniter.php(932): App\Controllers\TransaksiController->checkout()
 5 SYSTEMPATH\CodeIgniter.php(497): CodeIgniter\CodeIgniter->runController(Object(App\Controllers\TransaksiController))
 6 SYSTEMPATH\CodeIgniter.php(366): CodeIgniter\CodeIgniter->handleRequest(null, Object(Config\Cache), false)
 7 FCPATH\index.php(67): CodeIgniter\CodeIgniter->run()
